ts=2026-03-14T08:42:24.287591
content_type=application/x-www-form-urlencoded
origin=None
referer=None
host=testserver
username=admin
password_length=9
---
ts=2026-03-14T08:42:25.130794
content_type=application/x-www-form-urlencoded
origin=None
referer=None
host=testserver
username=admin
password_length=9
---
ts=2026-03-14T08:42:25.615015
content_type=application/x-www-form-urlencoded
origin=None
referer=None
host=testserver
username=admin
password_length=9
---
ts=2026-03-14T08:42:26.109134
content_type=application/x-www-form-urlencoded
origin=None
referer=None
host=testserver
username=admin
password_length=9
---
ts=2026-03-14T08:42:26.894569
content_type=application/x-www-form-urlencoded
origin=None
referer=None
host=testserver
username=admin
password_length=9
---
ts=2026-03-14T08:42:27.398732
content_type=application/x-www-form-urlencoded
origin=None
referer=None
host=testserver
username=admin
password_length=9
---
ts=2026-03-14T08:42:27.884939
content_type=application/x-www-form-urlencoded
origin=None
referer=None
host=testserver
username=admin
password_length=9
---
ts=2026-03-14T08:42:28.355147
content_type=application/x-www-form-urlencoded
origin=None
referer=None
host=testserver
username=admin
password_length=9
---
ts=2026-03-14T08:42:28.841686
content_type=application/x-www-form-urlencoded
origin=None
referer=None
host=testserver
username=admin
password_length=9
---
ts=2026-03-14T08:42:29.326284
content_type=application/x-www-form-urlencoded
origin=None
referer=None
host=testserver
username=admin
password_length=9
---
ts=2026-03-14T08:42:30.440013
content_type=application/x-www-form-urlencoded
origin=None
referer=None
host=testserver
username=admin
password_length=9
---
ts=2026-03-14T08:42:30.941866
content_type=application/x-www-form-urlencoded
origin=None
referer=None
host=testserver
username=admin
password_length=9
---
ts=2026-03-14T08:42:31.517224
content_type=application/x-www-form-urlencoded
origin=None
referer=None
host=testserver
username=admin
password_length=9
---
ts=2026-03-14T08:42:32.006440
content_type=application/x-www-form-urlencoded
origin=None
referer=None
host=testserver
username=admin
password_length=9
---
ts=2026-03-14T08:42:32.491364
content_type=application/x-www-form-urlencoded
origin=None
referer=None
host=testserver
username=admin
password_length=9
---
ts=2026-03-14T08:42:32.973046
content_type=application/x-www-form-urlencoded
origin=None
referer=None
host=testserver
username=admin
password_length=9
---
ts=2026-03-14T08:43:22.777059
content_type=application/x-www-form-urlencoded
origin=None
referer=None
host=testserver
username=admin
password_length=9
---
ts=2026-03-14T08:43:23.577029
content_type=application/x-www-form-urlencoded
origin=None
referer=None
host=testserver
username=admin
password_length=9
---
ts=2026-03-14T08:43:24.062460
content_type=application/x-www-form-urlencoded
origin=None
referer=None
host=testserver
username=admin
password_length=9
---
ts=2026-03-14T08:43:24.565802
content_type=application/x-www-form-urlencoded
origin=None
referer=None
host=testserver
username=admin
password_length=9
---
ts=2026-03-14T08:43:25.382043
content_type=application/x-www-form-urlencoded
origin=None
referer=None
host=testserver
username=admin
password_length=9
---
ts=2026-03-14T08:43:25.890526
content_type=application/x-www-form-urlencoded
origin=None
referer=None
host=testserver
username=admin
password_length=9
---
ts=2026-03-14T08:43:26.376128
content_type=application/x-www-form-urlencoded
origin=None
referer=None
host=testserver
username=admin
password_length=9
---
ts=2026-03-14T08:43:26.863401
content_type=application/x-www-form-urlencoded
origin=None
referer=None
host=testserver
username=admin
password_length=9
---
ts=2026-03-14T08:43:27.349699
content_type=application/x-www-form-urlencoded
origin=None
referer=None
host=testserver
username=admin
password_length=9
---
ts=2026-03-14T08:43:27.836676
content_type=application/x-www-form-urlencoded
origin=None
referer=None
host=testserver
username=admin
password_length=9
---
ts=2026-03-14T08:43:28.954689
content_type=application/x-www-form-urlencoded
origin=None
referer=None
host=testserver
username=admin
password_length=9
---
ts=2026-03-14T08:43:29.456118
content_type=application/x-www-form-urlencoded
origin=None
referer=None
host=testserver
username=admin
password_length=9
---
ts=2026-03-14T08:43:29.957665
content_type=application/x-www-form-urlencoded
origin=None
referer=None
host=testserver
username=admin
password_length=9
---
ts=2026-03-14T08:43:30.445096
content_type=application/x-www-form-urlencoded
origin=None
referer=None
host=testserver
username=admin
password_length=9
---
ts=2026-03-14T08:43:30.914244
content_type=application/x-www-form-urlencoded
origin=None
referer=None
host=testserver
username=admin
password_length=9
---
ts=2026-03-14T08:43:31.385097
content_type=application/x-www-form-urlencoded
origin=None
referer=None
host=testserver
username=admin
password_length=9
---
